0 info it worked if it ends with ok
1 verbose cli [ 'C:\\Program Files (x86)\\nodejs\\node.exe',
1 verbose cli   'C:\\Program Files (x86)\\nodejs\\node_modules\\npm\\bin\\npm-cli.js',
1 verbose cli   'run',
1 verbose cli   'build:highlight' ]
2 info using npm@3.10.10
3 info using node@v7.3.0
4 verbose run-script [ 'prebuild:highlight',
4 verbose run-script   'build:highlight',
4 verbose run-script   'postbuild:highlight' ]
5 info lifecycle respec@8.0.1~prebuild:highlight: respec@8.0.1
6 silly lifecycle respec@8.0.1~prebuild:highlight: no script for prebuild:highlight, continuing
7 info lifecycle respec@8.0.1~build:highlight: respec@8.0.1
8 verbose lifecycle respec@8.0.1~build:highlight: unsafe-perm in lifecycle true
9 verbose lifecycle respec@8.0.1~build:highlight: PATH: C:\Program Files (x86)\nodejs\node_modules\npm\bin\node-gyp-bin;D:\respec-develop\node_modules\.bin;C:\Program Files (x86)\nodejs\node_modules\npm\bin\node-gyp-bin;D:\respec-develop\node_modules\.bin;C:\Windows\system32;C:\Windows;C:\Windows\System32\Wbem;C:\Windows\System32\WindowsPowerShell\v1.0\;C:\Program Files\TortoiseSVN\bin;C:\Python27;C:\Python27\Scripts;C:\Program Files (x86)\File Viewer Lite\lib\magick;C:\Program Files (x86)\Skype\Phone\;D:\apache-maven-3.0.4\bin;C:\Program Files\Java\jdk1.8.0_92\bin;C:\Program Files (x86)\Common Files\Tom Sawyer Software\8.0.0;C:\Program Files (x86)\node_modules\npm\bin;C:\Program Files (x86)\nodejs\;C:\Program Files (x86)\nodejs\node_modules\.bin\;C:\Users\test\AppData\Roaming\npm;C:\Program Files (x86)\nodejs\node_modules\async;C:\Program Files (x86)\nodejs\node_modules\marcosc-async
10 verbose lifecycle respec@8.0.1~build:highlight: CWD: D:\respec-develop
11 silly lifecycle respec@8.0.1~build:highlight: Args: [ '/d /s /c',
11 silly lifecycle   'cd node_modules/highlight.js/ && npm install && node ./tools/build.js -n xml javascript css http markdown xquery json && cd ../../' ]
12 silly lifecycle respec@8.0.1~build:highlight: Returned: code: 1  signal: null
13 info lifecycle respec@8.0.1~build:highlight: Failed to exec build:highlight script
14 verbose stack Error: respec@8.0.1 build:highlight: `cd node_modules/highlight.js/ && npm install && node ./tools/build.js -n xml javascript css http markdown xquery json && cd ../../`
14 verbose stack Exit status 1
14 verbose stack     at EventEmitter.<anonymous> (C:\Program Files (x86)\nodejs\node_modules\npm\lib\utils\lifecycle.js:255:16)
14 verbose stack     at emitTwo (events.js:106:13)
14 verbose stack     at EventEmitter.emit (events.js:191:7)
14 verbose stack     at ChildProcess.<anonymous> (C:\Program Files (x86)\nodejs\node_modules\npm\lib\utils\spawn.js:40:14)
14 verbose stack     at emitTwo (events.js:106:13)
14 verbose stack     at ChildProcess.emit (events.js:191:7)
14 verbose stack     at maybeClose (internal/child_process.js:885:16)
14 verbose stack     at Process.ChildProcess._handle.onexit (internal/child_process.js:226:5)
15 verbose pkgid respec@8.0.1
16 verbose cwd D:\respec-develop
17 error Windows_NT 6.1.7601
18 error argv "C:\\Program Files (x86)\\nodejs\\node.exe" "C:\\Program Files (x86)\\nodejs\\node_modules\\npm\\bin\\npm-cli.js" "run" "build:highlight"
19 error node v7.3.0
20 error npm  v3.10.10
21 error code ELIFECYCLE
22 error respec@8.0.1 build:highlight: `cd node_modules/highlight.js/ && npm install && node ./tools/build.js -n xml javascript css http markdown xquery json && cd ../../`
22 error Exit status 1
23 error Failed at the respec@8.0.1 build:highlight script 'cd node_modules/highlight.js/ && npm install && node ./tools/build.js -n xml javascript css http markdown xquery json && cd ../../'.
23 error Make sure you have the latest version of node.js and npm installed.
23 error If you do, this is most likely a problem with the respec package,
23 error not with npm itself.
23 error Tell the author that this fails on your system:
23 error     cd node_modules/highlight.js/ && npm install && node ./tools/build.js -n xml javascript css http markdown xquery json && cd ../../
23 error You can get information on how to open an issue for this project with:
23 error     npm bugs respec
23 error Or if that isn't available, you can get their info via:
23 error     npm owner ls respec
23 error There is likely additional logging output above.
24 verbose exit [ 1, true ]
